\BOOKMARK [0][]{Doc-Start}{Agradecimientos}{}% 1
\BOOKMARK [0][]{Doc-Start}{Dedicatoria}{}% 2
\BOOKMARK [0][]{chapter*.1}{Resumen}{}% 3
\BOOKMARK [0][]{chapter*.2}{Abstract}{}% 4
\BOOKMARK [0][]{section*.3}{Tabla de Contenido}{}% 5
\BOOKMARK [0][]{section*.4}{\315ndice de figuras}{}% 6
\BOOKMARK [0][]{section*.5}{\315ndice de tablas}{}% 7
\BOOKMARK [0][]{chapter.1}{1 Planteamiento del problema}{}% 8
\BOOKMARK [1][]{section.1.1}{1.1 Situaci\363n problem\341tica}{chapter.1}% 9
\BOOKMARK [2][]{subsection*.6}{Importancia}{section.1.1}% 10
\BOOKMARK [2][]{subsection*.7}{Novedad}{section.1.1}% 11
\BOOKMARK [2][]{subsection*.8}{Viabilidad}{section.1.1}% 12
\BOOKMARK [1][]{section.1.2}{1.2 Formulaci\363n del problema}{chapter.1}% 13
\BOOKMARK [1][]{section.1.3}{1.3 Justificaci\363n de la Investigaci\363n}{chapter.1}% 14
\BOOKMARK [1][]{section.1.4}{1.4 Objetivos de la Investigaci\363n}{chapter.1}% 15
\BOOKMARK [2][]{subsection*.9}{Objetivo general}{section.1.4}% 16
\BOOKMARK [2][]{subsection*.10}{Objetivo Espec\355ficos}{section.1.4}% 17
\BOOKMARK [0][]{chapter.2}{2 Marco te\363rico}{}% 18
\BOOKMARK [1][]{section.2.1}{2.1 Antecedentes del problema}{chapter.2}% 19
\BOOKMARK [2][]{subsection*.11}{Secci\363n primera}{section.2.1}% 20
\BOOKMARK [2][]{subsection*.12}{Siguiente secci\363n}{section.2.1}% 21
\BOOKMARK [1][]{section.2.2}{2.2 Bases Te\363ricas Generales}{chapter.2}% 22
\BOOKMARK [2][]{subsection*.13}{Sub Seccion}{section.2.2}% 23
\BOOKMARK [3][]{subsubsection*.14}{Sub de Sub Seccion}{subsection*.13}% 24
\BOOKMARK [3][]{subsubsection*.15}{Sub2 de Sub Seccion}{subsection*.13}% 25
\BOOKMARK [1][]{section.2.3}{2.3 Estado del Arte}{chapter.2}% 26
\BOOKMARK [2][]{subsection*.20}{Sub Seccion}{section.2.3}% 27
\BOOKMARK [2][]{subsection*.24}{Algoritmo de M\341ximo com\372n sub-grafo}{section.2.3}% 28
\BOOKMARK [2][]{subsection*.25}{Cuantificaci\363n de relaciones y nodos}{section.2.3}% 29
\BOOKMARK [0][]{section*.27}{Bibliograf\355a}{}% 30
